10/03/2024 11:33:25 Eastern Standard Time : Information : Local timezone is (UTC-05:00) Eastern Time (Toronto)
10/03/2024 11:33:25 Eastern Standard Time : Information : Service Hub .NET service module host started. Host id: dotnet.projectSystem$C94B8CFE-E3FD-4BAF-A941-2866DBB566FE. Controller pipe: net.pipe://3421687C05. PID: 34298
10/03/2024 11:33:25 Eastern Standard Time : Information : hubHostClr read: Content-Length: 111

{"jsonrpc":"2.0","id":2,"method":"initializeHost","params":[{"HostsRootDirectory":".","AppConfigFallback":""}]}
10/03/2024 11:33:25 Eastern Standard Time : Information : hubHostClr write: Content-Length: 93

{"jsonrpc":"2.0","id":2,"result":"dotnet.projectSystem$C94B8CFE-E3FD-4BAF-A941-2866DBB566FE"}
10/03/2024 11:33:25 Eastern Standard Time : Information : hubHostClr read: Content-Length: 991

{"jsonrpc":"2.0","id":3,"method":"startService","params":[{"name":"Microsoft.VisualStudio.LaunchConfigurationService","host":"dotnet.projectSystem","hostId":"C94B8CFE-E3FD-4BAF-A941-2866DBB566FE","serviceBaseDirectory":"/Users/saquib/.vscode/extensions/ms-dotnettools.csdevkit-1.10.16-darwin-arm64/components/CPS/platforms/darwin-arm64/node_modules/@microsoft/visualstudio-projectsystem-server.darwin-arm64","entryPoint":{"assemblyPath":"/Users/saquib/.vscode/extensions/ms-dotnettools.csdevkit-1.10.16-darwin-arm64/components/CPS/platforms/darwin-arm64/node_modules/@microsoft/visualstudio-projectsystem-server.darwin-arm64/Microsoft.VisualStudio.ProjectSystem.Server.Implementation.dll","fullClassName":"Microsoft.VisualStudio.ProjectSystem.Server.LaunchConfigurationServiceFactory"}},{"ActivationArguments":{"__servicehub__ServiceHubRemoteServiceBrokerPipeName":"/Users/saquib/.ServiceHub/eaec1b9bf4/f62d421237"},"ClientCredentials":{},"ClientCulture":"en-US","ClientUICulture":"en-US"}]}Content-Length: 1067

{"jsonrpc":"2.0","id":4,"method":"startService","params":[{"name":"Microsoft.VisualStudio.ProjectSystem.ProjectInitializationStatusService","host":"dotnet.projectSystem","hostId":"C94B8CFE-E3FD-4BAF-A941-2866DBB566FE","serviceBaseDirectory":"/Users/saquib/.vscode/extensions/ms-dotnettools.csdevkit-1.10.16-darwin-arm64/components/CPS/platforms/darwin-arm64/node_modules/@microsoft/visualstudio-projectsystem-server.darwin-arm64","entryPoint":{"assemblyPath":"/Users/saquib/.vscode/extensions/ms-dotnettools.csdevkit-1.10.16-darwin-arm64/components/CPS/platforms/darwin-arm64/node_modules/@microsoft/visualstudio-projectsystem-server.darwin-arm64/Microsoft.VisualStudio.ProjectSystem.Server.Implementation.dll","fullClassName":"Microsoft.VisualStudio.ProjectSystem.Server.ProjectInitializationStatusServiceFactory"}},{"ActivationArguments":{"__servicehub__ServiceHubRemoteServiceBrokerPipeName":"/Users/saquib/.ServiceHub/eaec1b9bf4/313597cdbd","__servicehub__RequestedServiceVersion":"0.1"},"ClientCredentials":{},"ClientCulture":"en-US","ClientUICulture":"en-US"}]}
10/03/2024 11:33:25 Eastern Standard Time : Information : CLR host received start request for service 'Microsoft.VisualStudio.LaunchConfigurationService'
10/03/2024 11:33:25 Eastern Standard Time : Information : Loading service module assembly '/Users/saquib/.vscode/extensions/ms-dotnettools.csdevkit-1.10.16-darwin-arm64/components/CPS/platforms/darwin-arm64/node_modules/@microsoft/visualstudio-projectsystem-server.darwin-arm64/Microsoft.VisualStudio.ProjectSystem.Server.Implementation.dll' from '/Users/saquib/.vscode/extensions/ms-dotnettools.csdevkit-1.10.16-darwin-arm64/components/CPS/platforms/darwin-arm64/node_modules/@microsoft/visualstudio-projectsystem-server.darwin-arm64'
10/03/2024 11:33:25 Eastern Standard Time : Information : Starting service module 'Microsoft.VisualStudio.LaunchConfigurationService'. Class: Microsoft.VisualStudio.ProjectSystem.Server.LaunchConfigurationServiceFactory, Supported Version: 
10/03/2024 11:33:25 Eastern Standard Time : Information : Started service 'Microsoft.VisualStudio.LaunchConfigurationService'. Pipe name: /Users/saquib/.ServiceHub/eaec1b9bf4/fb555cda09, Supported Version: 
10/03/2024 11:33:25 Eastern Standard Time : Information : CLR host received start request for service 'Microsoft.VisualStudio.ProjectSystem.ProjectInitializationStatusService'
10/03/2024 11:33:25 Eastern Standard Time : Information : hubHostClr write: Content-Length: 83

{"jsonrpc":"2.0","id":3,"result":"/Users/saquib/.ServiceHub/eaec1b9bf4/fb555cda09"}
10/03/2024 11:33:25 Eastern Standard Time : Information : Loading service module assembly '/Users/saquib/.vscode/extensions/ms-dotnettools.csdevkit-1.10.16-darwin-arm64/components/CPS/platforms/darwin-arm64/node_modules/@microsoft/visualstudio-projectsystem-server.darwin-arm64/Microsoft.VisualStudio.ProjectSystem.Server.Implementation.dll' from '/Users/saquib/.vscode/extensions/ms-dotnettools.csdevkit-1.10.16-darwin-arm64/components/CPS/platforms/darwin-arm64/node_modules/@microsoft/visualstudio-projectsystem-server.darwin-arm64'
10/03/2024 11:33:25 Eastern Standard Time : Information : Starting service module 'Microsoft.VisualStudio.ProjectSystem.ProjectInitializationStatusService'. Class: Microsoft.VisualStudio.ProjectSystem.Server.ProjectInitializationStatusServiceFactory, Supported Version: 
10/03/2024 11:33:25 Eastern Standard Time : Information : Started service 'Microsoft.VisualStudio.ProjectSystem.ProjectInitializationStatusService'. Pipe name: /Users/saquib/.ServiceHub/eaec1b9bf4/ce2f0b7e1a, Supported Version: 
10/03/2024 11:33:25 Eastern Standard Time : Information : hubHostClr write: Content-Length: 83

{"jsonrpc":"2.0","id":4,"result":"/Users/saquib/.ServiceHub/eaec1b9bf4/ce2f0b7e1a"}
10/03/2024 11:33:25 Eastern Standard Time : Information : A new client connected to CLR service module 'Microsoft.VisualStudio.ProjectSystem.ProjectInitializationStatusService'
10/03/2024 11:33:25 Eastern Standard Time : Information : A new client connected to CLR service module 'Microsoft.VisualStudio.LaunchConfigurationService'
10/03/2024 11:33:25 Eastern Standard Time : Information : Found FactoryVersion=Version2 for service : Microsoft.VisualStudio.ProjectSystem.ProjectInitializationStatusService.
10/03/2024 11:33:25 Eastern Standard Time : Information : Service 'Microsoft.VisualStudio.ProjectSystem.Server.ProjectInitializationStatusServiceFactory' implements IServiceHubServiceFactory. Creating factory instance and caching it.
10/03/2024 11:33:25 Eastern Standard Time : Information : Found FactoryVersion=Version2 for service : Microsoft.VisualStudio.LaunchConfigurationService.
10/03/2024 11:33:25 Eastern Standard Time : Information : Service 'Microsoft.VisualStudio.ProjectSystem.Server.LaunchConfigurationServiceFactory' implements IServiceHubServiceFactory. Creating factory instance and caching it.
10/03/2024 11:33:25 Eastern Standard Time : Information : hubHostClr write: Content-Length: 119

{"jsonrpc":"2.0","method":"hostServicesStarted","params":["dotnet.projectSystem$C94B8CFE-E3FD-4BAF-A941-2866DBB566FE"]}
10/03/2024 11:33:25 Eastern Standard Time : Information : Creating service Microsoft.VisualStudio.ProjectSystem.Server.LaunchConfigurationServiceFactory from factory with FactoryVersion=Version2 and ClientRequestedVersion=.
10/03/2024 11:33:25 Eastern Standard Time : Information : Creating service Microsoft.VisualStudio.ProjectSystem.Server.ProjectInitializationStatusServiceFactory from factory with FactoryVersion=Version2 and ClientRequestedVersion=0.1.
10/03/2024 11:33:25 Eastern Standard Time : Information : Setting up RPC connection for service 'Microsoft.VisualStudio.ProjectSystem.Server.LaunchConfigurationServiceFactory' from factory
10/03/2024 11:33:25 Eastern Standard Time : Information : Setting up RPC connection for service 'Microsoft.VisualStudio.ProjectSystem.Server.ProjectInitializationStatusServiceFactory' from factory
10/03/2024 11:33:25 Eastern Standard Time : Information : hubHostClr read: Content-Length: 1035

{"jsonrpc":"2.0","id":5,"method":"startService","params":[{"name":"Microsoft.VisualStudio.ProjectSystem.CompositionService","host":"dotnet.projectSystem","hostId":"C94B8CFE-E3FD-4BAF-A941-2866DBB566FE","serviceBaseDirectory":"/Users/saquib/.vscode/extensions/ms-dotnettools.csdevkit-1.10.16-darwin-arm64/components/CPS/platforms/darwin-arm64/node_modules/@microsoft/visualstudio-projectsystem-server.darwin-arm64","entryPoint":{"assemblyPath":"/Users/saquib/.vscode/extensions/ms-dotnettools.csdevkit-1.10.16-darwin-arm64/components/CPS/platforms/darwin-arm64/node_modules/@microsoft/visualstudio-projectsystem-server.darwin-arm64/Microsoft.VisualStudio.ProjectSystem.Server.Implementation.dll","fullClassName":"Microsoft.VisualStudio.ProjectSystem.Server.CompositionServiceFactory"}},{"ActivationArguments":{"__servicehub__ServiceHubRemoteServiceBrokerPipeName":"/Users/saquib/.ServiceHub/eaec1b9bf4/35192387c6","__servicehub__RequestedServiceVersion":"0.1"},"ClientCredentials":{},"ClientCulture":"en-US","ClientUICulture":"en-US"}]}
10/03/2024 11:33:25 Eastern Standard Time : Information : CLR host received start request for service 'Microsoft.VisualStudio.ProjectSystem.CompositionService'
10/03/2024 11:33:25 Eastern Standard Time : Information : Loading service module assembly '/Users/saquib/.vscode/extensions/ms-dotnettools.csdevkit-1.10.16-darwin-arm64/components/CPS/platforms/darwin-arm64/node_modules/@microsoft/visualstudio-projectsystem-server.darwin-arm64/Microsoft.VisualStudio.ProjectSystem.Server.Implementation.dll' from '/Users/saquib/.vscode/extensions/ms-dotnettools.csdevkit-1.10.16-darwin-arm64/components/CPS/platforms/darwin-arm64/node_modules/@microsoft/visualstudio-projectsystem-server.darwin-arm64'
10/03/2024 11:33:25 Eastern Standard Time : Information : Starting service module 'Microsoft.VisualStudio.ProjectSystem.CompositionService'. Class: Microsoft.VisualStudio.ProjectSystem.Server.CompositionServiceFactory, Supported Version: 
10/03/2024 11:33:25 Eastern Standard Time : Information : Started service 'Microsoft.VisualStudio.ProjectSystem.CompositionService'. Pipe name: /Users/saquib/.ServiceHub/eaec1b9bf4/57df02949e, Supported Version: 
10/03/2024 11:33:25 Eastern Standard Time : Information : hubHostClr write: Content-Length: 83

{"jsonrpc":"2.0","id":5,"result":"/Users/saquib/.ServiceHub/eaec1b9bf4/57df02949e"}
10/03/2024 11:33:25 Eastern Standard Time : Information : A new client connected to CLR service module 'Microsoft.VisualStudio.ProjectSystem.CompositionService'
10/03/2024 11:33:25 Eastern Standard Time : Information : Found FactoryVersion=Version2 for service : Microsoft.VisualStudio.ProjectSystem.CompositionService.
10/03/2024 11:33:25 Eastern Standard Time : Information : Service 'Microsoft.VisualStudio.ProjectSystem.Server.CompositionServiceFactory' implements IServiceHubServiceFactory. Creating factory instance and caching it.
10/03/2024 11:33:25 Eastern Standard Time : Information : Creating service Microsoft.VisualStudio.ProjectSystem.Server.CompositionServiceFactory from factory with FactoryVersion=Version2 and ClientRequestedVersion=0.1.
10/03/2024 11:33:25 Eastern Standard Time : Information : Setting up RPC connection for service 'Microsoft.VisualStudio.ProjectSystem.Server.CompositionServiceFactory' from factory
10/03/2024 11:33:26 Eastern Standard Time : Information : Completed RPC connection setup for service 'Microsoft.VisualStudio.ProjectSystem.Server.CompositionServiceFactory' from factory
10/03/2024 11:33:26 Eastern Standard Time : Information : Completed RPC connection setup for service 'Microsoft.VisualStudio.ProjectSystem.Server.ProjectInitializationStatusServiceFactory' from factory
10/03/2024 11:33:26 Eastern Standard Time : Information : Completed RPC connection setup for service 'Microsoft.VisualStudio.ProjectSystem.Server.LaunchConfigurationServiceFactory' from factory
10/03/2024 11:33:26 Eastern Standard Time : Information : Checking if 'Microsoft.VisualStudio.ProjectSystem.Server.CompositionServiceFactory' implements Microsoft.VisualStudio.Threading.IAsyncDisposable.
10/03/2024 11:33:26 Eastern Standard Time : Information : Checking if 'Microsoft.VisualStudio.ProjectSystem.Server.CompositionServiceFactory' implements System.IAsyncDisposable.
10/03/2024 11:33:26 Eastern Standard Time : Information : Checking if 'Microsoft.VisualStudio.ProjectSystem.Server.CompositionServiceFactory' implements System.IDisposable.
10/03/2024 11:33:26 Eastern Standard Time : Information : hubHostClr read: Content-Length: 1056

{"jsonrpc":"2.0","id":6,"method":"startService","params":[{"name":"Microsoft.VisualStudio.ProjectSystem.Query.Remoting.QueryExecutionService","host":"dotnet.projectSystem","hostId":"C94B8CFE-E3FD-4BAF-A941-2866DBB566FE","serviceBaseDirectory":"/Users/saquib/.vscode/extensions/ms-dotnettools.csdevkit-1.10.16-darwin-arm64/components/CPS/platforms/darwin-arm64/node_modules/@microsoft/visualstudio-projectsystem-server.darwin-arm64","entryPoint":{"assemblyPath":"/Users/saquib/.vscode/extensions/ms-dotnettools.csdevkit-1.10.16-darwin-arm64/components/CPS/platforms/darwin-arm64/node_modules/@microsoft/visualstudio-projectsystem-server.darwin-arm64/Microsoft.VisualStudio.ProjectSystem.Server.Implementation.dll","fullClassName":"Microsoft.VisualStudio.ProjectSystem.Server.QueryExecutionServiceFactory"}},{"ActivationArguments":{"__servicehub__ServiceHubRemoteServiceBrokerPipeName":"/Users/saquib/.ServiceHub/eaec1b9bf4/f80aa4bce0","__servicehub__RequestedServiceVersion":"0.2"},"ClientCredentials":{},"ClientCulture":"en-US","ClientUICulture":"en-US"}]}
10/03/2024 11:33:26 Eastern Standard Time : Information : CLR host received start request for service 'Microsoft.VisualStudio.ProjectSystem.Query.Remoting.QueryExecutionService'
10/03/2024 11:33:26 Eastern Standard Time : Information : Loading service module assembly '/Users/saquib/.vscode/extensions/ms-dotnettools.csdevkit-1.10.16-darwin-arm64/components/CPS/platforms/darwin-arm64/node_modules/@microsoft/visualstudio-projectsystem-server.darwin-arm64/Microsoft.VisualStudio.ProjectSystem.Server.Implementation.dll' from '/Users/saquib/.vscode/extensions/ms-dotnettools.csdevkit-1.10.16-darwin-arm64/components/CPS/platforms/darwin-arm64/node_modules/@microsoft/visualstudio-projectsystem-server.darwin-arm64'
10/03/2024 11:33:26 Eastern Standard Time : Information : Starting service module 'Microsoft.VisualStudio.ProjectSystem.Query.Remoting.QueryExecutionService'. Class: Microsoft.VisualStudio.ProjectSystem.Server.QueryExecutionServiceFactory, Supported Version: 
10/03/2024 11:33:26 Eastern Standard Time : Information : Started service 'Microsoft.VisualStudio.ProjectSystem.Query.Remoting.QueryExecutionService'. Pipe name: /Users/saquib/.ServiceHub/eaec1b9bf4/d8e3659702, Supported Version: 
10/03/2024 11:33:26 Eastern Standard Time : Information : hubHostClr write: Content-Length: 83

{"jsonrpc":"2.0","id":6,"result":"/Users/saquib/.ServiceHub/eaec1b9bf4/d8e3659702"}
10/03/2024 11:33:26 Eastern Standard Time : Information : A new client connected to CLR service module 'Microsoft.VisualStudio.ProjectSystem.Query.Remoting.QueryExecutionService'
10/03/2024 11:33:26 Eastern Standard Time : Information : Found FactoryVersion=Version2 for service : Microsoft.VisualStudio.ProjectSystem.Query.Remoting.QueryExecutionService.
10/03/2024 11:33:26 Eastern Standard Time : Information : Service 'Microsoft.VisualStudio.ProjectSystem.Server.QueryExecutionServiceFactory' implements IServiceHubServiceFactory. Creating factory instance and caching it.
10/03/2024 11:33:26 Eastern Standard Time : Information : Creating service Microsoft.VisualStudio.ProjectSystem.Server.QueryExecutionServiceFactory from factory with FactoryVersion=Version2 and ClientRequestedVersion=0.2.
10/03/2024 11:33:26 Eastern Standard Time : Information : Setting up RPC connection for service 'Microsoft.VisualStudio.ProjectSystem.Server.QueryExecutionServiceFactory' from factory
10/03/2024 11:33:26 Eastern Standard Time : Information : Completed RPC connection setup for service 'Microsoft.VisualStudio.ProjectSystem.Server.QueryExecutionServiceFactory' from factory
10/03/2024 11:33:26 Eastern Standard Time : Information : hubHostClr read: Content-Length: 1056

{"jsonrpc":"2.0","id":7,"method":"startService","params":[{"name":"Microsoft.VisualStudio.ProjectSystem.Query.Remoting.QueryExecutionService","host":"dotnet.projectSystem","hostId":"C94B8CFE-E3FD-4BAF-A941-2866DBB566FE","serviceBaseDirectory":"/Users/saquib/.vscode/extensions/ms-dotnettools.csdevkit-1.10.16-darwin-arm64/components/CPS/platforms/darwin-arm64/node_modules/@microsoft/visualstudio-projectsystem-server.darwin-arm64","entryPoint":{"assemblyPath":"/Users/saquib/.vscode/extensions/ms-dotnettools.csdevkit-1.10.16-darwin-arm64/components/CPS/platforms/darwin-arm64/node_modules/@microsoft/visualstudio-projectsystem-server.darwin-arm64/Microsoft.VisualStudio.ProjectSystem.Server.Implementation.dll","fullClassName":"Microsoft.VisualStudio.ProjectSystem.Server.QueryExecutionServiceFactory"}},{"ActivationArguments":{"__servicehub__ServiceHubRemoteServiceBrokerPipeName":"/Users/saquib/.ServiceHub/eaec1b9bf4/66d2b5eed2","__servicehub__RequestedServiceVersion":"0.3"},"ClientCredentials":{},"ClientCulture":"en-US","ClientUICulture":"en-US"}]}
10/03/2024 11:33:26 Eastern Standard Time : Information : CLR host received start request for service 'Microsoft.VisualStudio.ProjectSystem.Query.Remoting.QueryExecutionService'
10/03/2024 11:33:26 Eastern Standard Time : Information : Loading service module assembly '/Users/saquib/.vscode/extensions/ms-dotnettools.csdevkit-1.10.16-darwin-arm64/components/CPS/platforms/darwin-arm64/node_modules/@microsoft/visualstudio-projectsystem-server.darwin-arm64/Microsoft.VisualStudio.ProjectSystem.Server.Implementation.dll' from '/Users/saquib/.vscode/extensions/ms-dotnettools.csdevkit-1.10.16-darwin-arm64/components/CPS/platforms/darwin-arm64/node_modules/@microsoft/visualstudio-projectsystem-server.darwin-arm64'
10/03/2024 11:33:26 Eastern Standard Time : Information : Starting service module 'Microsoft.VisualStudio.ProjectSystem.Query.Remoting.QueryExecutionService'. Class: Microsoft.VisualStudio.ProjectSystem.Server.QueryExecutionServiceFactory, Supported Version: 
10/03/2024 11:33:26 Eastern Standard Time : Information : Started service 'Microsoft.VisualStudio.ProjectSystem.Query.Remoting.QueryExecutionService'. Pipe name: /Users/saquib/.ServiceHub/eaec1b9bf4/fe59db49ce, Supported Version: 
10/03/2024 11:33:26 Eastern Standard Time : Information : hubHostClr write: Content-Length: 83

{"jsonrpc":"2.0","id":7,"result":"/Users/saquib/.ServiceHub/eaec1b9bf4/fe59db49ce"}
10/03/2024 11:33:26 Eastern Standard Time : Information : A new client connected to CLR service module 'Microsoft.VisualStudio.ProjectSystem.Query.Remoting.QueryExecutionService'
10/03/2024 11:33:27 Eastern Standard Time : Information : Found IServiceHubServiceFactory in cache. Creating instance from the factory.
10/03/2024 11:33:27 Eastern Standard Time : Information : Creating service Microsoft.VisualStudio.ProjectSystem.Server.QueryExecutionServiceFactory from factory with FactoryVersion=Version2 and ClientRequestedVersion=0.3.
10/03/2024 11:33:27 Eastern Standard Time : Information : Setting up RPC connection for service 'Microsoft.VisualStudio.ProjectSystem.Server.QueryExecutionServiceFactory' from factory
10/03/2024 11:33:27 Eastern Standard Time : Information : Completed RPC connection setup for service 'Microsoft.VisualStudio.ProjectSystem.Server.QueryExecutionServiceFactory' from factory
10/03/2024 11:33:27 Eastern Standard Time : Information : hubHostClr read: Content-Length: 1036

{"jsonrpc":"2.0","id":8,"method":"startService","params":[{"name":"Microsoft.VisualStudio.CpsProjectIconSourceService","host":"dotnet.projectSystem","hostId":"C94B8CFE-E3FD-4BAF-A941-2866DBB566FE","serviceBaseDirectory":"/Users/saquib/.vscode/extensions/ms-dotnettools.csdevkit-1.10.16-darwin-arm64/components/CPS/platforms/darwin-arm64/node_modules/@microsoft/visualstudio-projectsystem-server.darwin-arm64","entryPoint":{"assemblyPath":"/Users/saquib/.vscode/extensions/ms-dotnettools.csdevkit-1.10.16-darwin-arm64/components/CPS/platforms/darwin-arm64/node_modules/@microsoft/visualstudio-projectsystem-server.darwin-arm64/Microsoft.VisualStudio.ProjectSystem.Server.Implementation.dll","fullClassName":"Microsoft.VisualStudio.ProjectSystem.Server.ProjectIconSourceServiceFactory"}},{"ActivationArguments":{"__servicehub__ServiceHubRemoteServiceBrokerPipeName":"/Users/saquib/.ServiceHub/eaec1b9bf4/afc9354333","__servicehub__RequestedServiceVersion":"0.1"},"ClientCredentials":{},"ClientCulture":"en-US","ClientUICulture":"en-US"}]}
10/03/2024 11:33:27 Eastern Standard Time : Information : CLR host received start request for service 'Microsoft.VisualStudio.CpsProjectIconSourceService'
10/03/2024 11:33:27 Eastern Standard Time : Information : Loading service module assembly '/Users/saquib/.vscode/extensions/ms-dotnettools.csdevkit-1.10.16-darwin-arm64/components/CPS/platforms/darwin-arm64/node_modules/@microsoft/visualstudio-projectsystem-server.darwin-arm64/Microsoft.VisualStudio.ProjectSystem.Server.Implementation.dll' from '/Users/saquib/.vscode/extensions/ms-dotnettools.csdevkit-1.10.16-darwin-arm64/components/CPS/platforms/darwin-arm64/node_modules/@microsoft/visualstudio-projectsystem-server.darwin-arm64'
10/03/2024 11:33:27 Eastern Standard Time : Information : Starting service module 'Microsoft.VisualStudio.CpsProjectIconSourceService'. Class: Microsoft.VisualStudio.ProjectSystem.Server.ProjectIconSourceServiceFactory, Supported Version: 
10/03/2024 11:33:27 Eastern Standard Time : Information : Started service 'Microsoft.VisualStudio.CpsProjectIconSourceService'. Pipe name: /Users/saquib/.ServiceHub/eaec1b9bf4/8218f0c89e, Supported Version: 
10/03/2024 11:33:27 Eastern Standard Time : Information : hubHostClr write: Content-Length: 83

{"jsonrpc":"2.0","id":8,"result":"/Users/saquib/.ServiceHub/eaec1b9bf4/8218f0c89e"}
10/03/2024 11:33:27 Eastern Standard Time : Information : A new client connected to CLR service module 'Microsoft.VisualStudio.CpsProjectIconSourceService'
10/03/2024 11:33:27 Eastern Standard Time : Information : Found FactoryVersion=Version2 for service : Microsoft.VisualStudio.CpsProjectIconSourceService.
10/03/2024 11:33:27 Eastern Standard Time : Information : Service 'Microsoft.VisualStudio.ProjectSystem.Server.ProjectIconSourceServiceFactory' implements IServiceHubServiceFactory. Creating factory instance and caching it.
10/03/2024 11:33:27 Eastern Standard Time : Information : Creating service Microsoft.VisualStudio.ProjectSystem.Server.ProjectIconSourceServiceFactory from factory with FactoryVersion=Version2 and ClientRequestedVersion=0.1.
10/03/2024 11:33:27 Eastern Standard Time : Information : Setting up RPC connection for service 'Microsoft.VisualStudio.ProjectSystem.Server.ProjectIconSourceServiceFactory' from factory
10/03/2024 11:33:27 Eastern Standard Time : Information : Completed RPC connection setup for service 'Microsoft.VisualStudio.ProjectSystem.Server.ProjectIconSourceServiceFactory' from factory
10/03/2024 11:33:27 Eastern Standard Time : Information : hubHostClr read: Content-Length: 1067

{"jsonrpc":"2.0","id":9,"method":"startService","params":[{"name":"Microsoft.VisualStudio.ProjectSystem.ProjectInitializationStatusService","host":"dotnet.projectSystem","hostId":"C94B8CFE-E3FD-4BAF-A941-2866DBB566FE","serviceBaseDirectory":"/Users/saquib/.vscode/extensions/ms-dotnettools.csdevkit-1.10.16-darwin-arm64/components/CPS/platforms/darwin-arm64/node_modules/@microsoft/visualstudio-projectsystem-server.darwin-arm64","entryPoint":{"assemblyPath":"/Users/saquib/.vscode/extensions/ms-dotnettools.csdevkit-1.10.16-darwin-arm64/components/CPS/platforms/darwin-arm64/node_modules/@microsoft/visualstudio-projectsystem-server.darwin-arm64/Microsoft.VisualStudio.ProjectSystem.Server.Implementation.dll","fullClassName":"Microsoft.VisualStudio.ProjectSystem.Server.ProjectInitializationStatusServiceFactory"}},{"ActivationArguments":{"__servicehub__ServiceHubRemoteServiceBrokerPipeName":"/Users/saquib/.ServiceHub/eaec1b9bf4/5daefe27ce","__servicehub__RequestedServiceVersion":"0.1"},"ClientCredentials":{},"ClientCulture":"en-US","ClientUICulture":"en-US"}]}
10/03/2024 11:33:27 Eastern Standard Time : Information : CLR host received start request for service 'Microsoft.VisualStudio.ProjectSystem.ProjectInitializationStatusService'
10/03/2024 11:33:27 Eastern Standard Time : Information : Loading service module assembly '/Users/saquib/.vscode/extensions/ms-dotnettools.csdevkit-1.10.16-darwin-arm64/components/CPS/platforms/darwin-arm64/node_modules/@microsoft/visualstudio-projectsystem-server.darwin-arm64/Microsoft.VisualStudio.ProjectSystem.Server.Implementation.dll' from '/Users/saquib/.vscode/extensions/ms-dotnettools.csdevkit-1.10.16-darwin-arm64/components/CPS/platforms/darwin-arm64/node_modules/@microsoft/visualstudio-projectsystem-server.darwin-arm64'
10/03/2024 11:33:27 Eastern Standard Time : Information : Starting service module 'Microsoft.VisualStudio.ProjectSystem.ProjectInitializationStatusService'. Class: Microsoft.VisualStudio.ProjectSystem.Server.ProjectInitializationStatusServiceFactory, Supported Version: 
10/03/2024 11:33:27 Eastern Standard Time : Information : Started service 'Microsoft.VisualStudio.ProjectSystem.ProjectInitializationStatusService'. Pipe name: /Users/saquib/.ServiceHub/eaec1b9bf4/960e0b9416, Supported Version: 
10/03/2024 11:33:27 Eastern Standard Time : Information : hubHostClr write: Content-Length: 83

{"jsonrpc":"2.0","id":9,"result":"/Users/saquib/.ServiceHub/eaec1b9bf4/960e0b9416"}
10/03/2024 11:33:27 Eastern Standard Time : Information : A new client connected to CLR service module 'Microsoft.VisualStudio.ProjectSystem.ProjectInitializationStatusService'
10/03/2024 11:33:27 Eastern Standard Time : Information : Found IServiceHubServiceFactory in cache. Creating instance from the factory.
10/03/2024 11:33:27 Eastern Standard Time : Information : Creating service Microsoft.VisualStudio.ProjectSystem.Server.ProjectInitializationStatusServiceFactory from factory with FactoryVersion=Version2 and ClientRequestedVersion=0.1.
10/03/2024 11:33:27 Eastern Standard Time : Information : Setting up RPC connection for service 'Microsoft.VisualStudio.ProjectSystem.Server.ProjectInitializationStatusServiceFactory' from factory
10/03/2024 11:33:27 Eastern Standard Time : Information : Completed RPC connection setup for service 'Microsoft.VisualStudio.ProjectSystem.Server.ProjectInitializationStatusServiceFactory' from factory
10/03/2024 11:39:12 Eastern Standard Time : Information : Checking if 'Microsoft.VisualStudio.ProjectSystem.Server.LaunchConfigurationServiceFactory' implements Microsoft.VisualStudio.Threading.IAsyncDisposable.
10/03/2024 11:39:12 Eastern Standard Time : Information : Checking if 'Microsoft.VisualStudio.ProjectSystem.Server.LaunchConfigurationServiceFactory' implements System.IAsyncDisposable.
10/03/2024 11:39:12 Eastern Standard Time : Information : Checking if 'Microsoft.VisualStudio.ProjectSystem.Server.LaunchConfigurationServiceFactory' implements System.IDisposable.
10/03/2024 11:39:12 Eastern Standard Time : Information : Checking if 'Microsoft.VisualStudio.ProjectSystem.Server.ProjectInitializationStatusServiceFactory' implements Microsoft.VisualStudio.Threading.IAsyncDisposable.
10/03/2024 11:39:12 Eastern Standard Time : Information : Checking if 'Microsoft.VisualStudio.ProjectSystem.Server.ProjectInitializationStatusServiceFactory' implements System.IAsyncDisposable.
10/03/2024 11:39:12 Eastern Standard Time : Information : Checking if 'Microsoft.VisualStudio.ProjectSystem.Server.ProjectInitializationStatusServiceFactory' implements System.IDisposable.
10/03/2024 11:39:12 Eastern Standard Time : Information : hubHostClr read: Content-Length: 46

{"jsonrpc":"2.0","method":"exit","params":[3]}
10/03/2024 11:39:12 Eastern Standard Time : Information : Exit command received with reason 'ForcedControllerShutdown'. Exiting CLR host
10/03/2024 11:39:13 Eastern Standard Time : Information : hubHostClr JSON RPC has been disposed
10/03/2024 11:39:13 Eastern Standard Time : Information : hubHostClr read: end of stream
10/03/2024 11:39:13 Eastern Standard Time : Information : Checking if 'Microsoft.VisualStudio.ProjectSystem.Server.QueryExecutionServiceFactory' implements Microsoft.VisualStudio.Threading.IAsyncDisposable.
10/03/2024 11:39:13 Eastern Standard Time : Information : Checking if 'Microsoft.VisualStudio.ProjectSystem.Server.ProjectIconSourceServiceFactory' implements Microsoft.VisualStudio.Threading.IAsyncDisposable.
10/03/2024 11:39:13 Eastern Standard Time : Information : Checking if 'Microsoft.VisualStudio.ProjectSystem.Server.QueryExecutionServiceFactory' implements System.IAsyncDisposable.
10/03/2024 11:39:13 Eastern Standard Time : Information : Checking if 'Microsoft.VisualStudio.ProjectSystem.Server.QueryExecutionServiceFactory' implements System.IDisposable.
10/03/2024 11:39:13 Eastern Standard Time : Information : Checking if 'Microsoft.VisualStudio.ProjectSystem.Server.ProjectIconSourceServiceFactory' implements System.IAsyncDisposable.
10/03/2024 11:39:13 Eastern Standard Time : Information : Checking if 'Microsoft.VisualStudio.ProjectSystem.Server.ProjectIconSourceServiceFactory' implements System.IDisposable.
