10/03/2024 11:33:26 Eastern Standard Time : Information : Local timezone is (UTC-05:00) Eastern Time (Toronto)
10/03/2024 11:33:26 Eastern Standard Time : Information : Added local RPC method "ExecuteQueryAsync" -> Microsoft.VisualStudio.ProjectSystem.Server.QueryExecutionServiceFactory+QueryExecutionServiceShim.ExecuteQueryAsync(String, CancellationToken) (Microsoft.VisualStudio.ProjectSystem.Server.QueryExecutionServiceFactory+QueryExecutionServiceShim)
10/03/2024 11:33:26 Eastern Standard Time : Information : Added local RPC method "ExecuteRemoteExecutableAsync" -> Microsoft.VisualStudio.ProjectSystem.Server.QueryExecutionServiceFactory+QueryExecutionServiceShim.ExecuteRemoteExecutableAsync(String, CancellationToken) (Microsoft.VisualStudio.ProjectSystem.Server.QueryExecutionServiceFactory+QueryExecutionServiceShim)
10/03/2024 11:33:26 Eastern Standard Time : Information : Added local RPC method "GetServiceIdentityAsync" -> Microsoft.VisualStudio.ProjectSystem.Server.QueryExecutionServiceFactory+QueryExecutionServiceShim.GetServiceIdentityAsync(CancellationToken) (Microsoft.VisualStudio.ProjectSystem.Server.QueryExecutionServiceFactory+QueryExecutionServiceShim)
10/03/2024 11:33:26 Eastern Standard Time : Information : Added local RPC method "QueryAsync" -> Microsoft.VisualStudio.ProjectSystem.Server.QueryExecutionServiceFactory+QueryExecutionServiceShim.QueryAsync(String, CancellationToken) (Microsoft.VisualStudio.ProjectSystem.Server.QueryExecutionServiceFactory+QueryExecutionServiceShim)
10/03/2024 11:33:26 Eastern Standard Time : Information : Added local RPC method "SubscribeQueryResultsAsync" -> Microsoft.VisualStudio.ProjectSystem.Server.QueryExecutionServiceFactory+QueryExecutionServiceShim.SubscribeQueryResultsAsync(String, IObserver`1, CancellationToken) (Microsoft.VisualStudio.ProjectSystem.Server.QueryExecutionServiceFactory+QueryExecutionServiceShim)
10/03/2024 11:33:26 Eastern Standard Time : Information : Added local RPC method "TrackQueryUpdatesAsync" -> Microsoft.VisualStudio.ProjectSystem.Server.QueryExecutionServiceFactory+QueryExecutionServiceShim.TrackQueryUpdatesAsync(String, IObserver`1, CancellationToken) (Microsoft.VisualStudio.ProjectSystem.Server.QueryExecutionServiceFactory+QueryExecutionServiceShim)
10/03/2024 11:33:26 Eastern Standard Time : Information : Added local RPC method "Dispose" -> Microsoft.VisualStudio.ProjectSystem.OnceInitializedOnceDisposedAsync.Dispose() (Microsoft.VisualStudio.ProjectSystem.Server.QueryExecutionServiceFactory+QueryExecutionServiceShim)
10/03/2024 11:33:26 Eastern Standard Time : Information : Added local RPC method "DisposeAsync" -> Microsoft.VisualStudio.ProjectSystem.OnceInitializedOnceDisposedAsync.DisposeAsync() (Microsoft.VisualStudio.ProjectSystem.Server.QueryExecutionServiceFactory+QueryExecutionServiceShim)
10/03/2024 11:33:26 Eastern Standard Time : Information : Added local RPC method "ExecuteQuery" -> Microsoft.VisualStudio.ProjectSystem.Server.QueryExecutionServiceFactory+QueryExecutionServiceShim.ExecuteQueryAsync(String, CancellationToken) (Microsoft.VisualStudio.ProjectSystem.Server.QueryExecutionServiceFactory+QueryExecutionServiceShim)
10/03/2024 11:33:26 Eastern Standard Time : Information : Added local RPC method "ExecuteRemoteExecutable" -> Microsoft.VisualStudio.ProjectSystem.Server.QueryExecutionServiceFactory+QueryExecutionServiceShim.ExecuteRemoteExecutableAsync(String, CancellationToken) (Microsoft.VisualStudio.ProjectSystem.Server.QueryExecutionServiceFactory+QueryExecutionServiceShim)
10/03/2024 11:33:26 Eastern Standard Time : Information : Added local RPC method "GetServiceIdentity" -> Microsoft.VisualStudio.ProjectSystem.Server.QueryExecutionServiceFactory+QueryExecutionServiceShim.GetServiceIdentityAsync(CancellationToken) (Microsoft.VisualStudio.ProjectSystem.Server.QueryExecutionServiceFactory+QueryExecutionServiceShim)
10/03/2024 11:33:26 Eastern Standard Time : Information : Added local RPC method "Query" -> Microsoft.VisualStudio.ProjectSystem.Server.QueryExecutionServiceFactory+QueryExecutionServiceShim.QueryAsync(String, CancellationToken) (Microsoft.VisualStudio.ProjectSystem.Server.QueryExecutionServiceFactory+QueryExecutionServiceShim)
10/03/2024 11:33:26 Eastern Standard Time : Information : Added local RPC method "SubscribeQueryResults" -> Microsoft.VisualStudio.ProjectSystem.Server.QueryExecutionServiceFactory+QueryExecutionServiceShim.SubscribeQueryResultsAsync(String, IObserver`1, CancellationToken) (Microsoft.VisualStudio.ProjectSystem.Server.QueryExecutionServiceFactory+QueryExecutionServiceShim)
10/03/2024 11:33:26 Eastern Standard Time : Information : Added local RPC method "TrackQueryUpdates" -> Microsoft.VisualStudio.ProjectSystem.Server.QueryExecutionServiceFactory+QueryExecutionServiceShim.TrackQueryUpdatesAsync(String, IObserver`1, CancellationToken) (Microsoft.VisualStudio.ProjectSystem.Server.QueryExecutionServiceFactory+QueryExecutionServiceShim)
10/03/2024 11:33:26 Eastern Standard Time: Information : 3 :Listening started.
10/03/2024 11:33:26 Eastern Standard Time : Information : Microsoft.VisualStudio.ProjectSystem.Query.Remoting.QueryExecutionService read: Content-Length: 790

{"traceparent":"00-8f7977d0862d964f8132a881f32c1d49-1def4fae4ff2bc40-00","jsonrpc":"2.0","id":2,"method":"SubscribeQueryResultsAsync","params":["{\"context\":\"Projects\",\"query\":{\"$properties\":[\"Id\",\"Name\",\"Path\",\"Guid\",\"ActiveConfigurations\"],\"ActiveConfigurations\":{\"$properties\":[\"Id\",\"Name\",\"ConfigurationName\",\"PlatformName\",\"Capabilities\",\"OutputGroups\",\"BuildProperties\"],\"BuildProperties\":{\"$properties\":[\"Id\",\"Name\",\"Value\",\"StorageType\"]},\"OutputGroups\":{\"$properties\":[\"Id\",\"Name\",\"Outputs\"],\"Outputs\":{\"$properties\":[\"Name\",\"FinalOutputPath\",\"IsKeyOutput\"]},\"$filter\":{\"OutputGroupsByName\":[[\"Built\"]]}}},\"$filter\":{\"ProjectsByCapabilities\":[\"TestContainer\"]}}}",{"__jsonrpc_marshaled":1,"handle":0}]}
10/03/2024 11:33:26 Eastern Standard Time: Information : 7 :{"id":2,"method":"SubscribeQueryResultsAsync"}
10/03/2024 11:33:26 Eastern Standard Time: Information : 6 :Received request "2" for method "SubscribeQueryResultsAsync".
10/03/2024 11:33:26 Eastern Standard Time: Information : 9 :Invoking Microsoft.VisualStudio.ProjectSystem.Server.QueryExecutionServiceFactory+QueryExecutionServiceShim.SubscribeQueryResultsAsync(String, IObserver`1, CancellationToken)
10/03/2024 11:33:26 Eastern Standard Time : Transfer : Transfer, relatedActivityId=0932d0ca-30a6-4aea-8249-1a08312dabd4
10/03/2024 11:33:26 Eastern Standard Time : Start : SubscribeQueryResultsAsync
10/03/2024 11:33:26 Eastern Standard Time : Stop : SubscribeQueryResultsAsync
10/03/2024 11:33:26 Eastern Standard Time : Transfer : Transfer, relatedActivityId=d077798f-2d86-4f96-8132-a881f32c1d49
10/03/2024 11:33:26 Eastern Standard Time : Information : Added local RPC method "$/invokeProxy/0/dispose" -> System.IDisposable.Dispose() (Microsoft.VisualStudio.ProjectSystem.AsyncSubscribe`1[System.String])
10/03/2024 11:33:26 Eastern Standard Time: Information : 8 :{"id":2}
10/03/2024 11:33:26 Eastern Standard Time : Information : Microsoft.VisualStudio.ProjectSystem.Query.Remoting.QueryExecutionService write: Content-Length: 70

{"jsonrpc":"2.0","id":2,"result":{"__jsonrpc_marshaled":1,"handle":0}}
10/03/2024 11:33:27 Eastern Standard Time: Information : 8 :{"id":null,"method":"$/invokeProxy/0/onNext"}
10/03/2024 11:33:27 Eastern Standard Time : Information : Microsoft.VisualStudio.ProjectSystem.Query.Remoting.QueryExecutionService write: Content-Length: 284

{"traceparent":"00-cad03209a630ea4a82491a08312dabd4-d1bc1e26cee11f43-01","jsonrpc":"2.0","method":"$/invokeProxy/0/onNext","params":["{\"Versions\":{\"CpsProject:0:buf.bsr.credentialprovider.Debug|AnyCPU\":1,\"Workspace:Version\":1,\"ProjectsStateUpdates:Version\":0},\"Items\":[]}"]}
10/03/2024 11:39:12 Eastern Standard Time : Information : Microsoft.VisualStudio.ProjectSystem.Query.Remoting.QueryExecutionService read: Content-Length: 64

{"jsonrpc":"2.0","method":"$/invokeProxy/0/dispose","params":[]}
10/03/2024 11:39:12 Eastern Standard Time: Information : 7 :{"id":null,"method":"$/invokeProxy/0/dispose"}
10/03/2024 11:39:12 Eastern Standard Time: Information : 6 :Received notification for method "$/invokeProxy/0/dispose".
10/03/2024 11:39:12 Eastern Standard Time: Information : 9 :Invoking System.IDisposable.Dispose()
10/03/2024 11:39:12 Eastern Standard Time : Start : $/invokeProxy/0/dispose
10/03/2024 11:39:12 Eastern Standard Time : Stop : $/invokeProxy/0/dispose
10/03/2024 11:39:12 Eastern Standard Time : Information : Microsoft.VisualStudio.ProjectSystem.Query.Remoting.QueryExecutionService read: Content-Length: 97

{"jsonrpc":"2.0","method":"$/releaseMarshaledObject","params":{"handle":0,"ownedBySender":false}}
10/03/2024 11:39:12 Eastern Standard Time: Information : 7 :{"id":null,"method":"$/releaseMarshaledObject"}
10/03/2024 11:39:12 Eastern Standard Time: Information : 6 :Received notification for method "$/releaseMarshaledObject".
10/03/2024 11:39:12 Eastern Standard Time: Information : 9 :Invoking StreamJsonRpc.Reflection.MessageFormatterRpcMarshaledContextTracker.ReleaseMarshaledObject(Int64, Boolean)
10/03/2024 11:39:12 Eastern Standard Time : Start : $/releaseMarshaledObject
10/03/2024 11:39:12 Eastern Standard Time : Stop : $/releaseMarshaledObject
10/03/2024 11:39:13 Eastern Standard Time : Information : Waiting for 'Microsoft.VisualStudio.ProjectSystem.Query.Remoting.QueryExecutionService' instance to complete its completionTask.
